2024-12-30 17:00:43,777 - INFO - Successfully connected to Neo4j
2024-12-30 17:00:43,778 - INFO - Sending query to API: SELECT id, username FROM users
2024-12-30 17:00:44,099 - INFO - API response status: 200
2024-12-30 17:00:44,100 - INFO - Retrieved 98 users
2024-12-30 17:00:44,100 - INFO - Sending query to API: SELECT user1_id, user2_id FROM connections
2024-12-30 17:00:44,388 - INFO - API response status: 200
2024-12-30 17:00:44,388 - INFO - Retrieved 151 connections
2024-12-30 17:00:44,389 - INFO - Users data sample:
2024-12-30 17:00:44,389 - INFO - Sample users: {1: 'ADRIAN', 2: 'MONIKA', 3: 'AZAZEL', 4: 'ROBERT', 5: 'ALEKSANDRA'}
2024-12-30 17:00:44,389 - INFO - Connections sample:
2024-12-30 17:00:44,389 - INFO - Sample connections: [(1, 5), (1, 20), (1, 54), (2, 14), (2, 45)]
2024-12-30 17:00:44,389 - INFO - Attempting to connect to Neo4j...
2024-12-30 17:00:44,389 - INFO - Testing connection...
2024-12-30 17:00:44,391 - INFO - Connection test result: <Record test=1>
2024-12-30 17:00:44,391 - INFO - Clearing existing data from Neo4j...
2024-12-30 17:00:44,399 - INFO - Creating 98 users in Neo4j...
2024-12-30 17:00:44,909 - INFO - Creating 151 connections in Neo4j...
2024-12-30 17:00:45,584 - INFO - Successfully set up Neo4j database
2024-12-30 17:00:45,611 - INFO - Found RAFAŁ nodes: [{'p.name': 'RAFAŁ', 'p.id': 28}]
2024-12-30 17:00:45,639 - INFO - Connections for RAFAŁ (ID: 28): [{'other.name': 'ANDRZEJ', 'other.id': 84}, {'other.name': 'WERONIKA', 'other.id': 83}, {'other.name': 'MARIA', 'other.id': 17}, {'other.name': 'MICHAŁ', 'other.id': 6}, {'other.name': 'AZAZEL', 'other.id': 3}]
2024-12-30 17:00:45,658 - INFO - Sample nodes: [{'p.name': 'ADRIAN', 'p.id': 1}, {'p.name': 'MONIKA', 'p.id': 2}, {'p.name': 'AZAZEL', 'p.id': 3}, {'p.name': 'ROBERT', 'p.id': 4}, {'p.name': 'ALEKSANDRA', 'p.id': 5}]
2024-12-30 17:00:45,691 - INFO - Sample connections: [{'connection': 'WERONIKA knows MONIKA'}, {'connection': 'GRZEGORZ knows MONIKA'}, {'connection': 'ROBERT knows MONIKA'}, {'connection': 'DOROTA knows AZAZEL'}, {'connection': 'IWONA knows AZAZEL'}]
2024-12-30 17:00:45,704 - INFO - RAFAŁ knows: ['ANDRZEJ', 'WERONIKA', 'MARIA', 'MICHAŁ', 'AZAZEL']
2024-12-30 17:00:45,704 - INFO - RAFAŁ is known by: ['CEZARY', 'ZUZANNA', 'ŁUKASZ']
2024-12-30 17:00:45,707 - INFO - BARBARA knows: ['ARTUR']
2024-12-30 17:00:45,707 - INFO - BARBARA is known by: ['ALEKSANDER', 'OLIWIER']
2024-12-30 17:00:45,741 - INFO - Possible connection through: ANNA
2024-12-30 17:00:45,741 - INFO - Path: RAFAŁ -> ZUZANNA -> ANNA -> OLIWIER -> BARBARA
2024-12-30 17:00:45,741 - INFO - Possible connection through: ANNA
2024-12-30 17:00:45,741 - INFO - Path: RAFAŁ -> CEZARY -> ANNA -> OLIWIER -> BARBARA
2024-12-30 17:00:45,741 - INFO - Possible connection through: KAZIMIERZ
2024-12-30 17:00:45,741 - INFO - Path: RAFAŁ -> WERONIKA -> KAZIMIERZ -> OLIWIER -> BARBARA
2024-12-30 17:00:45,741 - INFO - Possible connection through: ROKSANA
2024-12-30 17:00:45,741 - INFO - Path: RAFAŁ -> MICHAŁ -> ROKSANA -> OLIWIER -> BARBARA
2024-12-30 17:00:45,741 - INFO - Possible connection through: ROKSANA
2024-12-30 17:00:45,741 - INFO - Path: RAFAŁ -> MARIA -> ROKSANA -> OLIWIER -> BARBARA
2024-12-30 17:00:45,756 - INFO - Found path of length 3: RAFAŁ -> AZAZEL -> ALEKSANDER -> BARBARA
2024-12-30 17:00:45,889 - INFO - Submit response: {'code': 0, 'message': '{{FLG:SPYWEB}}'}
